<?xml version="1.0" encoding="UTF-8"?>
<!-- Generated by org.testng.reporters.JUnitReportReporter -->
<testsuite skipped="0" hostname="LAPTOP-JVG2QC63" name="project.FlyAwayTest.NewTest" tests="3" failures="0" timestamp="2020-12-20T20:12:38 IST" time="3.401" errors="0">
  <testcase name="Search" time="0.672" classname="project.FlyAwayTest.NewTest"/>
  <testcase name="Signup" time="0.147" classname="project.FlyAwayTest.NewTest"/>
  <testcase name="Login" time="2.582" classname="project.FlyAwayTest.NewTest"/>
</testsuite> <!-- project.FlyAwayTest.NewTest -->
