<?xml version="1.0" encoding="UTF-8"?>
<!-- Generated by org.testng.reporters.JUnitReportReporter -->
<testsuite skipped="0" hostname="LAPTOP-JVG2QC63" name="project.FlyAwayTest.TestCase1" tests="2" failures="0" timestamp="2020-12-20T16:46:45 IST" time="120.686" errors="0">
  <testcase name="T1" time="48.822" classname="project.FlyAwayTest.TestCase1"/>
  <testcase name="T2" time="71.864" classname="project.FlyAwayTest.TestCase1"/>
</testsuite> <!-- project.FlyAwayTest.TestCase1 -->
