<?xml version="1.0" encoding="UTF-8"?>
<!-- Generated by org.testng.reporters.JUnitReportReporter -->
<testsuite skipped="0" hostname="LAPTOP-JVG2QC63" name="project.FlyAwayTest.testCases.UITestCases" tests="2" failures="0" timestamp="2020-12-20T21:46:45 IST" time="114.203" errors="0">
  <testcase name="T1" time="40.214" classname="project.FlyAwayTest.testCases.UITestCases"/>
  <testcase name="T2" time="73.989" classname="project.FlyAwayTest.testCases.UITestCases"/>
</testsuite> <!-- project.FlyAwayTest.testCases.UITestCases -->
