<?xml version="1.0" encoding="UTF-8"?>
<!-- Generated by org.testng.reporters.JUnitReportReporter -->
<testsuite skipped="0" hostname="LAPTOP-JVG2QC63" name="project.FlyAwayTest.APITest" tests="1" failures="0" timestamp="2020-12-17T00:24:28 IST" time="15.075" errors="0">
  <testcase name="f" time="15.075" classname="project.FlyAwayTest.APITest"/>
</testsuite> <!-- project.FlyAwayTest.APITest -->
